[INFO  - 2017-06-16T08:08:43.130Z] GhostDriver - Main - running on port 34968
[INFO  - 2017-06-16T08:08:44.228Z] Session [041d3210-526b-11e7-847f-b19ab9756fd2] - page.settings - {"XSSAuditingEnabled":false,"javascriptCanCloseWindows":true,"javascriptCanOpenWindows":true,"javascriptEnabled":true,"loadImages":false,"localToRemoteUrlAccessEnabled":false,"userAgent":"Mozilla/5.0 (Windows NT 6.1) AppleWebKit/538.1 (KHTML, like Gecko) PhantomJS/2.1.1 Safari/538.1","webSecurityEnabled":true}
[INFO  - 2017-06-16T08:08:44.228Z] Session [041d3210-526b-11e7-847f-b19ab9756fd2] - page.customHeaders:  - {}
[INFO  - 2017-06-16T08:08:44.228Z] Session [041d3210-526b-11e7-847f-b19ab9756fd2] - Session.negotiatedCapabilities - {"browserName":"phantomjs","version":"2.1.1","driverName":"ghostdriver","driverVersion":"1.2.0","platform":"windows-7-32bit","javascriptEnabled":true,"takesScreenshot":true,"handlesAlerts":false,"databaseEnabled":false,"locationContextEnabled":false,"applicationCacheEnabled":false,"browserConnectionEnabled":false,"cssSelectorsEnabled":true,"webStorageEnabled":false,"rotatable":false,"acceptSslCerts":false,"nativeEvents":true,"proxy":{"proxyType":"direct"}}
[INFO  - 2017-06-16T08:08:44.228Z] SessionManagerReqHand - _postNewSessionCommand - New Session Created: 041d3210-526b-11e7-847f-b19ab9756fd2
[ERROR - 2017-06-16T08:08:45.809Z] Session [041d3210-526b-11e7-847f-b19ab9756fd2] - page.onError - msg: kg/search-suggest/6.2.11/index is not loaded! can not find module in path : https://g.alicdn.com/kg/??search-suggest/6.2.11/index-min.js,search-suggest/6.2.11/plugin/history-min.js,search-suggest/6.2.11/plugin/cloud-min.js,search-suggest/6.2.11/plugin/tab-min.js,search-suggest/6.2.11/plugin/history-magic-min.js,search-suggest/6.2.11/plugin/imgsearch-min.js,search-suggest/6.2.11/theme/pailitao/index-min.js

  phantomjs://platform/console++.js:263 in error
[ERROR - 2017-06-16T08:08:45.810Z] Session [041d3210-526b-11e7-847f-b19ab9756fd2] - page.onError - stack:
  (anonymous function) (https://g.alicdn.com/??kissy/k/6.2.4/seed-min.js,kg/global-util/1.0.5/index-min.js,tb/tracker/4.0.1/p/index/index.js,kg/tb-nav/2.3.2/index-min.js,secdev/sufei_data/3.0.8/index.js:5)

  phantomjs://platform/console++.js:263 in error
[ERROR - 2017-06-16T08:08:45.810Z] Session [041d3210-526b-11e7-847f-b19ab9756fd2] - page.onError - msg: kg/search-suggest/6.2.11/plugin/history is not loaded! can not find module in path : https://g.alicdn.com/kg/??search-suggest/6.2.11/index-min.js,search-suggest/6.2.11/plugin/history-min.js,search-suggest/6.2.11/plugin/cloud-min.js,search-suggest/6.2.11/plugin/tab-min.js,search-suggest/6.2.11/plugin/history-magic-min.js,search-suggest/6.2.11/plugin/imgsearch-min.js,search-suggest/6.2.11/theme/pailitao/index-min.js

  phantomjs://platform/console++.js:263 in error
[ERROR - 2017-06-16T08:08:45.810Z] Session [041d3210-526b-11e7-847f-b19ab9756fd2] - page.onError - stack:
  (anonymous function) (https://g.alicdn.com/??kissy/k/6.2.4/seed-min.js,kg/global-util/1.0.5/index-min.js,tb/tracker/4.0.1/p/index/index.js,kg/tb-nav/2.3.2/index-min.js,secdev/sufei_data/3.0.8/index.js:5)

  phantomjs://platform/console++.js:263 in error
[ERROR - 2017-06-16T08:08:45.810Z] Session [041d3210-526b-11e7-847f-b19ab9756fd2] - page.onError - msg: kg/search-suggest/6.2.11/plugin/cloud is not loaded! can not find module in path : https://g.alicdn.com/kg/??search-suggest/6.2.11/index-min.js,search-suggest/6.2.11/plugin/history-min.js,search-suggest/6.2.11/plugin/cloud-min.js,search-suggest/6.2.11/plugin/tab-min.js,search-suggest/6.2.11/plugin/history-magic-min.js,search-suggest/6.2.11/plugin/imgsearch-min.js,search-suggest/6.2.11/theme/pailitao/index-min.js

  phantomjs://platform/console++.js:263 in error
[ERROR - 2017-06-16T08:08:45.810Z] Session [041d3210-526b-11e7-847f-b19ab9756fd2] - page.onError - stack:
  (anonymous function) (https://g.alicdn.com/??kissy/k/6.2.4/seed-min.js,kg/global-util/1.0.5/index-min.js,tb/tracker/4.0.1/p/index/index.js,kg/tb-nav/2.3.2/index-min.js,secdev/sufei_data/3.0.8/index.js:5)

  phantomjs://platform/console++.js:263 in error
[ERROR - 2017-06-16T08:08:45.811Z] Session [041d3210-526b-11e7-847f-b19ab9756fd2] - page.onError - msg: kg/search-suggest/6.2.11/plugin/tab is not loaded! can not find module in path : https://g.alicdn.com/kg/??search-suggest/6.2.11/index-min.js,search-suggest/6.2.11/plugin/history-min.js,search-suggest/6.2.11/plugin/cloud-min.js,search-suggest/6.2.11/plugin/tab-min.js,search-suggest/6.2.11/plugin/history-magic-min.js,search-suggest/6.2.11/plugin/imgsearch-min.js,search-suggest/6.2.11/theme/pailitao/index-min.js

  phantomjs://platform/console++.js:263 in error
[ERROR - 2017-06-16T08:08:45.811Z] Session [041d3210-526b-11e7-847f-b19ab9756fd2] - page.onError - stack:
  (anonymous function) (https://g.alicdn.com/??kissy/k/6.2.4/seed-min.js,kg/global-util/1.0.5/index-min.js,tb/tracker/4.0.1/p/index/index.js,kg/tb-nav/2.3.2/index-min.js,secdev/sufei_data/3.0.8/index.js:5)

  phantomjs://platform/console++.js:263 in error
[ERROR - 2017-06-16T08:08:45.811Z] Session [041d3210-526b-11e7-847f-b19ab9756fd2] - page.onError - msg: kg/search-suggest/6.2.11/plugin/history-magic is not loaded! can not find module in path : https://g.alicdn.com/kg/??search-suggest/6.2.11/index-min.js,search-suggest/6.2.11/plugin/history-min.js,search-suggest/6.2.11/plugin/cloud-min.js,search-suggest/6.2.11/plugin/tab-min.js,search-suggest/6.2.11/plugin/history-magic-min.js,search-suggest/6.2.11/plugin/imgsearch-min.js,search-suggest/6.2.11/theme/pailitao/index-min.js

  phantomjs://platform/console++.js:263 in error
[ERROR - 2017-06-16T08:08:45.811Z] Session [041d3210-526b-11e7-847f-b19ab9756fd2] - page.onError - stack:
  (anonymous function) (https://g.alicdn.com/??kissy/k/6.2.4/seed-min.js,kg/global-util/1.0.5/index-min.js,tb/tracker/4.0.1/p/index/index.js,kg/tb-nav/2.3.2/index-min.js,secdev/sufei_data/3.0.8/index.js:5)

  phantomjs://platform/console++.js:263 in error
[ERROR - 2017-06-16T08:08:45.811Z] Session [041d3210-526b-11e7-847f-b19ab9756fd2] - page.onError - msg: kg/search-suggest/6.2.11/plugin/imgsearch is not loaded! can not find module in path : https://g.alicdn.com/kg/??search-suggest/6.2.11/index-min.js,search-suggest/6.2.11/plugin/history-min.js,search-suggest/6.2.11/plugin/cloud-min.js,search-suggest/6.2.11/plugin/tab-min.js,search-suggest/6.2.11/plugin/history-magic-min.js,search-suggest/6.2.11/plugin/imgsearch-min.js,search-suggest/6.2.11/theme/pailitao/index-min.js

  phantomjs://platform/console++.js:263 in error
[ERROR - 2017-06-16T08:08:45.812Z] Session [041d3210-526b-11e7-847f-b19ab9756fd2] - page.onError - stack:
  (anonymous function) (https://g.alicdn.com/??kissy/k/6.2.4/seed-min.js,kg/global-util/1.0.5/index-min.js,tb/tracker/4.0.1/p/index/index.js,kg/tb-nav/2.3.2/index-min.js,secdev/sufei_data/3.0.8/index.js:5)

  phantomjs://platform/console++.js:263 in error
[ERROR - 2017-06-16T08:08:45.812Z] Session [041d3210-526b-11e7-847f-b19ab9756fd2] - page.onError - msg: kg/search-suggest/6.2.11/theme/pailitao/index is not loaded! can not find module in path : https://g.alicdn.com/kg/??search-suggest/6.2.11/index-min.js,search-suggest/6.2.11/plugin/history-min.js,search-suggest/6.2.11/plugin/cloud-min.js,search-suggest/6.2.11/plugin/tab-min.js,search-suggest/6.2.11/plugin/history-magic-min.js,search-suggest/6.2.11/plugin/imgsearch-min.js,search-suggest/6.2.11/theme/pailitao/index-min.js

  phantomjs://platform/console++.js:263 in error
[ERROR - 2017-06-16T08:08:45.812Z] Session [041d3210-526b-11e7-847f-b19ab9756fd2] - page.onError - stack:
  (anonymous function) (https://g.alicdn.com/??kissy/k/6.2.4/seed-min.js,kg/global-util/1.0.5/index-min.js,tb/tracker/4.0.1/p/index/index.js,kg/tb-nav/2.3.2/index-min.js,secdev/sufei_data/3.0.8/index.js:5)

  phantomjs://platform/console++.js:263 in error
